# JRE version: Java(TM) SE Runtime Environment (8.0_181-b13) (build 1.8.0_181-b13)
# Java VM: Java HotSpot(TM) 64-Bit Server VM (25.181-b13 mixed mode windows-amd64 compressed oops)
Heap:
 PSYoungGen      total 307200K, used 297761K [0x00000000eab00000, 0x0000000100000000, 0x0000000100000000)
  eden space 269824K, 99% used [0x00000000eab00000,0x00000000fb0d9dc8,0x00000000fb280000)
  from space 37376K, 79% used [0x00000000fb280000,0x00000000fcf6e820,0x00000000fd700000)
  to   space 39424K, 0% used [0x00000000fd980000,0x00000000fd980000,0x0000000100000000)
 ParOldGen       total 524288K, used 62530K [0x00000000c0000000, 0x00000000e0000000, 0x00000000eab00000)
  object space 524288K, 11% used [0x00000000c0000000,0x00000000c3d10bd0,0x00000000e0000000)
 Metaspace       used 74697K, capacity 78388K, committed 78488K, reserved 1116160K
  class space    used 10484K, capacity 11392K, committed 11432K, reserved 1048576K
GC Heap History (10 events):
Event: 17.376 GC heap before
{Heap before GC invocations=10 (full 2):
 PSYoungGen      total 302080K, used 176239K [0x00000000eab00000, 0x0000000100000000, 0x0000000100000000)
  eden space 278016K, 54% used [0x00000000eab00000,0x00000000f3f9dc10,0x00000000fba80000)
  from space 24064K, 99% used [0x00000000fba80000,0x00000000fd1fe170,0x00000000fd200000)
  to   space 34816K, 0% used [0x00000000fde00000,0x00000000fde00000,0x0000000100000000)
 ParOldGen       total 524288K, used 42475K [0x00000000c0000000, 0x00000000e0000000, 0x00000000eab00000)
  object space 524288K, 8% used [0x00000000c0000000,0x00000000c297ad50,0x00000000e0000000)
 Metaspace       used 56927K, capacity 58876K, committed 59160K, reserved 1099776K
  class space    used 7796K, capacity 8218K, committed 8232K, reserved 1048576K
Event: 17.402 GC heap after
Heap after GC invocations=10 (full 2):
 PSYoungGen      total 304128K, used 34451K [0x00000000eab00000, 0x0000000100000000, 0x0000000100000000)
  eden space 269312K, 0% used [0x00000000eab00000,0x00000000eab00000,0x00000000fb200000)
  from space 34816K, 98% used [0x00000000fde00000,0x00000000fffa4f48,0x0000000100000000)
  to   space 39936K, 0% used [0x00000000fb200000,0x00000000fb200000,0x00000000fd900000)
 ParOldGen       total 524288K, used 42483K [0x00000000c0000000, 0x00000000e0000000, 0x00000000eab00000)
  object space 524288K, 8% used [0x00000000c0000000,0x00000000c297cd50,0x00000000e0000000)
 Metaspace       used 56927K, capacity 58876K, committed 59160K, reserved 1099776K
  class space    used 7796K, capacity 8218K, committed 8232K, reserved 1048576K
}
Event: 17.403 GC heap before
{Heap before GC invocations=11 (full 3):
 PSYoungGen      total 304128K, used 34451K [0x00000000eab00000, 0x0000000100000000, 0x0000000100000000)
  eden space 269312K, 0% used [0x00000000eab00000,0x00000000eab00000,0x00000000fb200000)
  from space 34816K, 98% used [0x00000000fde00000,0x00000000fffa4f48,0x0000000100000000)
  to   space 39936K, 0% used [0x00000000fb200000,0x00000000fb200000,0x00000000fd900000)
 ParOldGen       total 524288K, used 42483K [0x00000000c0000000, 0x00000000e0000000, 0x00000000eab00000)
  object space 524288K, 8% used [0x00000000c0000000,0x00000000c297cd50,0x00000000e0000000)
 Metaspace       used 56927K, capacity 58876K, committed 59160K, reserved 1099776K
  class space    used 7796K, capacity 8218K, committed 8232K, reserved 1048576K
Event: 17.693 GC heap after
Heap after GC invocations=11 (full 3):
 PSYoungGen      total 304128K, used 0K [0x00000000eab00000, 0x0000000100000000, 0x0000000100000000)
  eden space 269312K, 0% used [0x00000000eab00000,0x00000000eab00000,0x00000000fb200000)
  from space 34816K, 0% used [0x00000000fde00000,0x00000000fde00000,0x0000000100000000)
  to   space 39936K, 0% used [0x00000000fb200000,0x00000000fb200000,0x00000000fd900000)
 ParOldGen       total 524288K, used 62487K [0x00000000c0000000, 0x00000000e0000000, 0x00000000eab00000)
  object space 524288K, 11% used [0x00000000c0000000,0x00000000c3d05f80,0x00000000e0000000)
 Metaspace       used 56927K, capacity 58876K, committed 59160K, reserved 1099776K
  class space    used 7796K, capacity 8218K, committed 8232K, reserved 1048576K
}
Event: 20.209 GC heap before
{Heap before GC invocations=12 (full 3):
 PSYoungGen      total 304128K, used 269312K [0x00000000eab00000, 0x0000000100000000, 0x0000000100000000)
  eden space 269312K, 100% used [0x00000000eab00000,0x00000000fb200000,0x00000000fb200000)
  from space 34816K, 0% used [0x00000000fde00000,0x00000000fde00000,0x0000000100000000)
  to   space 39936K, 0% used [0x00000000fb200000,0x00000000fb200000,0x00000000fd900000)
 ParOldGen       total 524288K, used 62487K [0x00000000c0000000, 0x00000000e0000000, 0x00000000eab00000)
  object space 524288K, 11% used [0x00000000c0000000,0x00000000c3d05f80,0x00000000e0000000)
 Metaspace       used 64140K, capacity 66550K, committed 66712K, reserved 1105920K
  class space    used 8807K, capacity 9303K, committed 9384K, reserved 1048576K
Event: 20.221 GC heap after
Heap after GC invocations=12 (full 3):
 PSYoungGen      total 309248K, used 12894K [0x00000000eab00000, 0x0000000100000000, 0x0000000100000000)
  eden space 269312K, 0% used [0x00000000eab00000,0x00000000eab00000,0x00000000fb200000)
  from space 39936K, 32% used [0x00000000fb200000,0x00000000fbe979e0,0x00000000fd900000)
  to   space 39424K, 0% used [0x00000000fd980000,0x00000000fd980000,0x0000000100000000)
 ParOldGen       total 524288K, used 62495K [0x00000000c0000000, 0x00000000e0000000, 0x00000000eab00000)
  object space 524288K, 11% used [0x00000000c0000000,0x00000000c3d07f80,0x00000000e0000000)
 Metaspace       used 64140K, capacity 66550K, committed 66712K, reserved 1105920K
  class space    used 8807K, capacity 9303K, committed 9384K, reserved 1048576K
}
Event: 22.467 GC heap before
{Heap before GC invocations=13 (full 3):
 PSYoungGen      total 309248K, used 282206K [0x00000000eab00000, 0x0000000100000000, 0x0000000100000000)
  eden space 269312K, 100% used [0x00000000eab00000,0x00000000fb200000,0x00000000fb200000)
  from space 39936K, 32% used [0x00000000fb200000,0x00000000fbe979e0,0x00000000fd900000)
  to   space 39424K, 0% used [0x00000000fd980000,0x00000000fd980000,0x0000000100000000)
 ParOldGen       total 524288K, used 62495K [0x00000000c0000000, 0x00000000e0000000, 0x00000000eab00000)
  object space 524288K, 11% used [0x00000000c0000000,0x00000000c3d07f80,0x00000000e0000000)
 Metaspace       used 68409K, capacity 71322K, committed 71576K, reserved 1110016K
  class space    used 9455K, capacity 10053K, committed 10152K, reserved 1048576K
Event: 22.482 GC heap after
Heap after GC invocations=13 (full 3):
 PSYoungGen      total 304640K, used 20023K [0x00000000eab00000, 0x00000000ffb80000, 0x0000000100000000)
  eden space 269824K, 0% used [0x00000000eab00000,0x00000000eab00000,0x00000000fb280000)
  from space 34816K, 57% used [0x00000000fd980000,0x00000000fed0de38,0x00000000ffb80000)
  to   space 37376K, 0% used [0x00000000fb280000,0x00000000fb280000,0x00000000fd700000)
 ParOldGen       total 524288K, used 62503K [0x00000000c0000000, 0x00000000e0000000, 0x00000000eab00000)
  object space 524288K, 11% used [0x00000000c0000000,0x00000000c3d09f80,0x00000000e0000000)
 Metaspace       used 68409K, capacity 71322K, committed 71576K, reserved 1110016K
  class space    used 9455K, capacity 10053K, committed 10152K, reserved 1048576K
}
Event: 24.207 GC heap before
{Heap before GC invocations=14 (full 3):
 PSYoungGen      total 304640K, used 289847K [0x00000000eab00000, 0x00000000ffb80000, 0x0000000100000000)
  eden space 269824K, 100% used [0x00000000eab00000,0x00000000fb280000,0x00000000fb280000)
  from space 34816K, 57% used [0x00000000fd980000,0x00000000fed0de38,0x00000000ffb80000)
  to   space 37376K, 0% used [0x00000000fb280000,0x00000000fb280000,0x00000000fd700000)
 ParOldGen       total 524288K, used 62503K [0x00000000c0000000, 0x00000000e0000000, 0x00000000eab00000)
  object space 524288K, 11% used [0x00000000c0000000,0x00000000c3d09f80,0x00000000e0000000)
 Metaspace       used 71611K, capacity 74758K, committed 74904K, reserved 1114112K
  class space    used 9956K, capacity 10654K, committed 10664K, reserved 1048576K
Event: 24.229 GC heap after
Heap after GC invocations=14 (full 3):
 PSYoungGen      total 307200K, used 29626K [0x00000000eab00000, 0x0000000100000000, 0x0000000100000000)
  eden space 269824K, 0% used [0x00000000eab00000,0x00000000eab00000,0x00000000fb280000)
  from space 37376K, 79% used [0x00000000fb280000,0x00000000fcf6e820,0x00000000fd700000)
  to   space 39424K, 0% used [0x00000000fd980000,0x00000000fd980000,0x0000000100000000)
 ParOldGen       total 524288K, used 62530K [0x00000000c0000000, 0x00000000e0000000, 0x00000000eab00000)
  object space 524288K, 11% used [0x00000000c0000000,0x00000000c3d10bd0,0x00000000e0000000)
 Metaspace       used 71611K, capacity 74758K, committed 74904K, reserved 1114112K
  class space    used 9956K, capacity 10654K, committed 10664K, reserved 1048576K
}

